[16:04:41] [stderr]   arghhh, borkage
[16:04:41]   arghhh, borkage
[16:04:41] [stderr]     TCPConnectionManager$3::compare::112,TreeMap::compare::1188,TreeMap::put::531,TreeSet::add::255,TCPConnectionManager::requestNewConnection::742,TCPConnectionManager::requestNewConnection::721,TCPTransportImpl::connectOutbound::235,ProtocolEndpointTCP::connectOutbound::100,ConnectionEndpoint::connectOutbound::184,NetworkConnectionImpl::connect::139,PEPeerTransportProtocol::<init>::621,PEPeerTransportFactory::createTransport::62,PEPeerControlImpl::makeNewOutgoingConnection::983,PEPeerControlImpl::doConnectionChecks::3764,PEPeerControlImpl::schedule::515,PeerControlSchedulerPrioritised$instanceWrapper::schedule::301,PeerControlSchedulerPrioritised::schedule::124,PeerControlSchedulerImpl$1::run::147,AEThread2$threadWrapper::run::287
[16:04:41]     TCPConnectionManager$3::compare::112,TreeMap::compare::1188,TreeMap::put::531,TreeSet::add::255,TCPConnectionManager::requestNewConnection::742,TCPConnectionManager::requestNewConnection::721,TCPTransportImpl::connectOutbound::235,ProtocolEndpointTCP::connectOutbound::100,ConnectionEndpoint::connectOutbound::184,NetworkConnectionImpl::connect::139,PEPeerTransportProtocol::<init>::621,PEPeerTransportFactory::createTransport::62,PEPeerControlImpl::makeNewOutgoingConnection::983,PEPeerControlImpl::doConnectionChecks::3764,PEPeerControlImpl::schedule::515,PeerControlSchedulerPrioritised$instanceWrapper::schedule::301,PeerControlSchedulerPrioritised::schedule::124,PeerControlSchedulerImpl$1::run::147,AEThread2$threadWrapper::run::287
[16:04:42] [stderr] DEBUG::Fri Apr 10 16:04:42 EAT 2015::com.aelitis.azureus.core.diskmanager.cache.impl.CacheFileWithCache$1::compare::76:
[16:04:42] DEBUG::Fri Apr 10 16:04:42 EAT 2015::com.aelitis.azureus.core.diskmanager.cache.impl.CacheFileWithCache$1::compare::76:
[16:04:42] [stderr]   Overlapping cache entries - [99122554 - 99138937:9/16393]/[99122554 - 99138937:9/16393]
[16:04:42]   Overlapping cache entries - [99122554 - 99138937:9/16393]/[99122554 - 99138937:9/16393]
[16:04:42] [stderr]     TreeMap::compare::1188,TreeMap::put::531,TreeSet::add::255,CacheFileWithCache::writeCache::737,CacheFileWithCache::writeAndHandoverBuffer::1629,DiskAccessRequestImpl::runRequest::102,DiskAccessControllerInstance$requestDispatcher$1::run::713,AEThread2$threadWrapper::run::287
[16:04:42]     TreeMap::compare::1188,TreeMap::put::531,TreeSet::add::255,CacheFileWithCache::writeCache::737,CacheFileWithCache::writeAndHandoverBuffer::1629,DiskAccessRequestImpl::runRequest::102,DiskAccessControllerInstance$requestDispatcher$1::run::713,AEThread2$threadWrapper::run::287
[16:04:43] [stderr] DEBUG::Fri Apr 10 16:04:43 EAT 2015::com.aelitis.azureus.core.diskmanager.cache.impl.CacheFileWithCache$1::compare::76:
[16:04:43] DEBUG::Fri Apr 10 16:04:43 EAT 2015::com.aelitis.azureus.core.diskmanager.cache.impl.CacheFileWithCache$1::compare::76:
[16:04:43] [stderr]   Overlapping cache entries - [110351157 - 110367540:9/16393]/[110351157 - 110367540:9/16393]
[16:04:43]   Overlapping cache entries - [110351157 - 110367540:9/16393]/[110351157 - 110367540:9/16393]
[16:04:43] [stderr]     TreeMap::compare::1188,TreeMap::put::531,TreeSet::add::255,CacheFileWithCache::writeCache::737,CacheFileWithCache::writeAndHandoverBuffer::1629,DiskAccessRequestImpl::runRequest::102,DiskAccessControllerInstance$requestDispatcher$1::run::713,AEThread2$threadWrapper::run::287
[16:04:43]     TreeMap::compare::1188,TreeMap::put::531,TreeSet::add::255,CacheFileWithCache::writeCache::737,CacheFileWithCache::writeAndHandoverBuffer::1629,DiskAccessRequestImpl::runRequest::102,DiskAccessControllerInstance$requestDispatcher$1::run::713,AEThread2$threadWrapper::run::287
[16:04:51] [stderr] DEBUG::Fri Apr 10 16:04:51 EAT 2015::com.aelitis.azureus.core.diskmanager.cache.impl.CacheFileWithCache$1::compare::76:
[16:04:51] DEBUG::Fri Apr 10 16:04:51 EAT 2015::com.aelitis.azureus.core.diskmanager.cache.impl.CacheFileWithCache$1::compare::76:
[16:04:51] [stderr]   Overlapping cache entries - [51429191 - 51445574:9/16393]/[51429191 - 51445574:9/16393]
[16:04:51]   Overlapping cache entries - [51429191 - 51445574:9/16393]/[51429191 - 51445574:9/16393]
[16:04:51] [stderr]     TreeMap::compare::1188,TreeMap::put::531,TreeSet::add::255,CacheFileWithCache::writeCache::737,CacheFileWithCache::writeAndHandoverBuffer::1629,DiskAccessRequestImpl::runRequest::102,DiskAccessControllerInstance$requestDispatcher$1::run::713,AEThread2$threadWrapper::run::287
[16:04:51]     TreeMap::compare::1188,TreeMap::put::531,TreeSet::add::255,CacheFileWithCache::writeCache::737,CacheFileWithCache::writeAndHandoverBuffer::1629,DiskAccessRequestImpl::runRequest::102,DiskAccessControllerInstance$requestDispatcher$1::run::713,AEThread2$threadWrapper::run::287
[16:04:51] [stderr] DEBUG::Fri Apr 10 16:04:51 EAT 2015::com.aelitis.azureus.core.diskmanager.cache.impl.CacheFileWithCache$1::compare::76:
[16:04:51] DEBUG::Fri Apr 10 16:04:51 EAT 2015::com.aelitis.azureus.core.diskmanager.cache.impl.CacheFileWithCache$1::compare::76:
[16:04:51] [stderr]   Overlapping cache entries - [68855085 - 68871468:9/16393]/[68855085 - 68871468:9/16393]
[16:04:51]   Overlapping cache entries - [68855085 - 68871468:9/16393]/[68855085 - 68871468:9/16393]
[16:04:51] [stderr]     TreeMap::compare::1188,TreeMap::put::531,TreeSet::add::255,CacheFileWithCache::writeCache::737,CacheFileWithCache::writeAndHandoverBuffer::1629,DiskAccessRequestImpl::runRequest::102,DiskAccessControllerInstance$requestDispatcher$1::run::713,AEThread2$threadWrapper::run::287
[16:04:51]     TreeMap::compare::1188,TreeMap::put::531,TreeSet::add::255,CacheFileWithCache::writeCache::737,CacheFileWithCache::writeAndHandoverBuffer::1629,DiskAccessRequestImpl::runRequest::102,DiskAccessControllerInstance$requestDispatcher$1::run::713,AEThread2$threadWrapper::run::287
[16:04:56] [stderr] DEBUG::Fri Apr 10 16:04:56 EAT 2015::com.aelitis.azureus.core.diskmanager.cache.impl.CacheFileWithCache$1::compare::76:
[16:04:56] DEBUG::Fri Apr 10 16:04:56 EAT 2015::com.aelitis.azureus.core.diskmanager.cache.impl.CacheFileWithCache$1::compare::76:
[16:04:56] [stderr]   Overlapping cache entries - [13026337 - 13042720:9/16393]/[13026337 - 13042720:9/16393]
[16:04:56]   Overlapping cache entries - [13026337 - 13042720:9/16393]/[13026337 - 13042720:9/16393]
[16:04:56] [stderr]     TreeMap::compare::1188,TreeMap::put::531,TreeSet::add::255,CacheFileWithCache::writeCache::737,CacheFileWithCache::writeAndHandoverBuffer::1629,DiskAccessRequestImpl::runRequest::102,DiskAccessControllerInstance$requestDispatcher$1::run::713,AEThread2$threadWrapper::run::287
[16:04:56]     TreeMap::compare::1188,TreeMap::put::531,TreeSet::add::255,CacheFileWithCache::writeCache::737,CacheFileWithCache::writeAndHandoverBuffer::1629,DiskAccessRequestImpl::runRequest::102,DiskAccessControllerInstance$requestDispatcher$1::run::713,AEThread2$threadWrapper::run::287
[16:04:59] [stderr] DEBUG::Fri Apr 10 16:04:59 EAT 2015::com.aelitis.azureus.core.diskmanager.cache.impl.CacheFileWithCache$1::compare::76:
[16:04:59] DEBUG::Fri Apr 10 16:04:59 EAT 2015::com.aelitis.azureus.core.diskmanager.cache.impl.CacheFileWithCache$1::compare::76:
[16:04:59] [stderr]   Overlapping cache entries - [69281069 - 69297452:9/16393]/[69281069 - 69297452:9/16393]
[16:04:59]   Overlapping cache entries - [69281069 - 69297452:9/16393]/[69281069 - 69297452:9/16393]
[16:04:59] [stderr]     TreeMap::compare::1188,TreeMap::put::531,TreeSet::add::255,CacheFileWithCache::writeCache::737,CacheFileWithCache::writeAndHandoverBuffer::1629,DiskAccessRequestImpl::runRequest::102,DiskAccessControllerInstance$requestDispatcher$1::run::713,AEThread2$threadWrapper::run::287
[16:04:59]     TreeMap::compare::1188,TreeMap::put::531,TreeSet::add::255,CacheFileWithCache::writeCache::737,CacheFileWithCache::writeAndHandoverBuffer::1629,DiskAccessRequestImpl::runRequest::102,DiskAccessControllerInstance$requestDispatcher$1::run::713,AEThread2$threadWrapper::run::287
[16:05:05] [stderr] DEBUG::Fri Apr 10 16:05:05 EAT 2015::com.aelitis.azureus.core.diskmanager.cache.impl.CacheFileWithCache$1::compare::76:
[16:05:05] DEBUG::Fri Apr 10 16:05:05 EAT 2015::com.aelitis.azureus.core.diskmanager.cache.impl.CacheFileWithCache$1::compare::76:
[16:05:05] [stderr]   Overlapping cache entries - [68855085 - 68871468:9/16393]/[68855085 - 68871468:9/16393]
[16:05:05]   Overlapping cache entries - [68855085 - 68871468:9/16393]/[68855085 - 68871468:9/16393]
[16:05:05] [stderr]     TreeMap::compare::1188,TreeMap::put::531,TreeSet::add::255,CacheFileWithCache::writeCache::737,CacheFileWithCache::writeAndHandoverBuffer::1629,DiskAccessRequestImpl::runRequest::102,DiskAccessControllerInstance$requestDispatcher$1::run::713,AEThread2$threadWrapper::run::287
[16:05:05]     TreeMap::compare::1188,TreeMap::put::531,TreeSet::add::255,CacheFileWithCache::writeCache::737,CacheFileWithCache::writeAndHandoverBuffer::1629,DiskAccessRequestImpl::runRequest::102,DiskAccessControllerInstance$requestDispatcher$1::run::713,AEThread2$threadWrapper::run::287
[16:05:06] [stderr] DEBUG::Fri Apr 10 16:05:06 EAT 2015::com.aelitis.azureus.core.diskmanager.cache.impl.CacheFileWithCache$1::compare::76:
[16:05:06] DEBUG::Fri Apr 10 16:05:06 EAT 2015::com.aelitis.azureus.core.diskmanager.cache.impl.CacheFileWithCache$1::compare::76:
[16:05:06] [stderr]   Overlapping cache entries - [44703164 - 44719547:9/16393]/[44703164 - 44719547:9/16393]
[16:05:06]   Overlapping cache entries - [44703164 - 44719547:9/16393]/[44703164 - 44719547:9/16393]
[16:05:06] [stderr]     TreeMap::compare::1188,TreeMap::put::531,TreeSet::add::255,CacheFileWithCache::writeCache::737,CacheFileWithCache::writeAndHandoverBuffer::1629,DiskAccessRequestImpl::runRequest::102,DiskAccessControllerInstance$requestDispatcher$1::run::713,AEThread2$threadWrapper::run::287
[16:05:06]     TreeMap::compare::1188,TreeMap::put::531,TreeSet::add::255,CacheFileWithCache::writeCache::737,CacheFileWithCache::writeAndHandoverBuffer::1629,DiskAccessRequestImpl::runRequest::102,DiskAccessControllerInstance$requestDispatcher$1::run::713,AEThread2$threadWrapper::run::287
[16:05:18] [stderr] DEBUG::Fri Apr 10 16:05:18 EAT 2015::com.aelitis.azureus.core.diskmanager.cache.impl.CacheFileWithCache$1::compare::76:
[16:05:18] DEBUG::Fri Apr 10 16:05:18 EAT 2015::com.aelitis.azureus.core.diskmanager.cache.impl.CacheFileWithCache$1::compare::76:
[16:05:18] [stderr]   Overlapping cache entries - [112448309 - 112464692:9/16393]/[112448309 - 112464692:9/16393]
[16:05:18]   Overlapping cache entries - [112448309 - 112464692:9/16393]/[112448309 - 112464692:9/16393]
[16:05:18] [stderr]     TreeMap::compare::1188,TreeMap::put::531,TreeSet::add::255,CacheFileWithCache::writeCache::737,CacheFileWithCache::writeAndHandoverBuffer::1629,DiskAccessRequestImpl::runRequest::102,DiskAccessControllerInstance$requestDispatcher$1::run::713,AEThread2$threadWrapper::run::287
[16:05:18]     TreeMap::compare::1188,TreeMap::put::531,TreeSet::add::255,CacheFileWithCache::writeCache::737,CacheFileWithCache::writeAndHandoverBuffer::1629,DiskAccessRequestImpl::runRequest::102,DiskAccessControllerInstance$requestDispatcher$1::run::713,AEThread2$threadWrapper::run::287
[16:05:25] [stderr] DEBUG::Fri Apr 10 16:05:25 EAT 2015::com.aelitis.azureus.core.diskmanager.cache.impl.CacheFileWithCache$1::compare::76:
[16:05:25] DEBUG::Fri Apr 10 16:05:25 EAT 2015::com.aelitis.azureus.core.diskmanager.cache.impl.CacheFileWithCache$1::compare::76:
[16:05:25] [stderr]   Overlapping cache entries - [85898058 - 85914441:9/16393]/[85898058 - 85914441:9/16393]
[16:05:25]   Overlapping cache entries - [85898058 - 85914441:9/16393]/[85898058 - 85914441:9/16393]
[16:05:25] [stderr]     TreeMap::compare::1188,TreeMap::put::531,TreeSet::add::255,CacheFileWithCache::writeCache::737,CacheFileWithCache::writeAndHandoverBuffer::1629,DiskAccessRequestImpl::runRequest::102,DiskAccessControllerInstance$requestDispatcher$1::run::713,AEThread2$threadWrapper::run::287
[16:05:25]     TreeMap::compare::1188,TreeMap::put::531,TreeSet::add::255,CacheFileWithCache::writeCache::737,CacheFileWithCache::writeAndHandoverBuffer::1629,DiskAccessRequestImpl::runRequest::102,DiskAccessControllerInstance$requestDispatcher$1::run::713,AEThread2$threadWrapper::run::287
[16:05:30] [stderr] DEBUG::Fri Apr 10 16:05:30 EAT 2015::com.aelitis.azureus.core.diskmanager.cache.impl.CacheFileWithCache$1::compare::76:
[16:05:30] DEBUG::Fri Apr 10 16:05:30 EAT 2015::com.aelitis.azureus.core.diskmanager.cache.impl.CacheFileWithCache$1::compare::76:
[16:05:30] [stderr]   Overlapping cache entries - [63770853 - 63787236:9/16393]/[63770853 - 63787236:9/16393]
[16:05:30]   Overlapping cache entries - [63770853 - 63787236:9/16393]/[63770853 - 63787236:9/16393]
[16:05:30] [stderr]     TreeMap::compare::1188,TreeMap::put::531,TreeSet::add::255,CacheFileWithCache::writeCache::737,CacheFileWithCache::writeAndHandoverBuffer::1629,DiskAccessRequestImpl::runRequest::102,DiskAccessControllerInstance$requestDispatcher$1::run::713,AEThread2$threadWrapper::run::287
[16:05:30]     TreeMap::compare::1188,TreeMap::put::531,TreeSet::add::255,CacheFileWithCache::writeCache::737,CacheFileWithCache::writeAndHandoverBuffer::1629,DiskAccessRequestImpl::runRequest::102,DiskAccessControllerInstance$requestDispatcher$1::run::713,AEThread2$threadWrapper::run::287
[16:05:45] [stderr] DEBUG::Fri Apr 10 16:05:45 EAT 2015::com.aelitis.azureus.core.networkmanager.impl.tcp.TCPConnectionManager$3::compare::138:
[16:05:45] DEBUG::Fri Apr 10 16:05:45 EAT 2015::com.aelitis.azureus.core.networkmanager.impl.tcp.TCPConnectionManager$3::compare::138:
[16:05:45] [stderr]   arghhh, borkage
[16:05:45]   arghhh, borkage
[16:05:45] [stderr]     TCPConnectionManager$3::compare::112,TreeMap::compare::1188,TreeMap::put::531,TreeSet::add::255,TCPConnectionManager::requestNewConnection::742,TCPConnectionManager::requestNewConnection::721,TCPTransportImpl::connectOutbound::235,ProtocolEndpointTCP::connectOutbound::100,ConnectionEndpoint::connectOutbound::184,NetworkConnectionImpl::connect::139,PEPeerTransportProtocol::<init>::621,PEPeerTransportFactory::createTransport::62,PEPeerTransportProtocol::reconnect::861,PEPeerControlImpl::peerConnectionClosed::2608,PEPeerTransportProtocol::performClose::834,PEPeerTransportProtocol::closeConnectionInternally::754,PEPeerTransportProtocol$3::exceptionThrown::679,NetworkConnectionImpl::notifyOfException::205,SinglePeerDownloader::doProcessing::101,ReadController::doRead::294,ReadController::doNormalPriorityRead::248,ReadController::readProcessorLoop::220,ReadController::access$200::43,ReadController$2::runSupport::89,AEThread::run::74
[16:05:45]     TCPConnectionManager$3::compare::112,TreeMap::compare::1188,TreeMap::put::531,TreeSet::add::255,TCPConnectionManager::requestNewConnection::742,TCPConnectionManager::requestNewConnection::721,TCPTransportImpl::connectOutbound::235,ProtocolEndpointTCP::connectOutbound::100,ConnectionEndpoint::connectOutbound::184,NetworkConnectionImpl::connect::139,PEPeerTransportProtocol::<init>::621,PEPeerTransportFactory::createTransport::62,PEPeerTransportProtocol::reconnect::861,PEPeerControlImpl::peerConnectionClosed::2608,PEPeerTransportProtocol::performClose::834,PEPeerTransportProtocol::closeConnectionInternally::754,PEPeerTransportProtocol$3::exceptionThrown::679,NetworkConnectionImpl::notifyOfException::205,SinglePeerDownloader::doProcessing::101,ReadController::doRead::294,ReadController::doNormalPriorityRead::248,ReadController::readProcessorLoop::220,ReadController::access$200::43,ReadController$2::runSupport::89,AEThread::run::74
[16:05:58] [stderr] DEBUG::Fri Apr 10 16:05:58 EAT 2015::com.aelitis.azureus.core.diskmanager.cache.impl.CacheFileWithCache$1::compare::76:
[16:05:58] DEBUG::Fri Apr 10 16:05:58 EAT 2015::com.aelitis.azureus.core.diskmanager.cache.impl.CacheFileWithCache$1::compare::76:
[16:05:58] [stderr]   Overlapping cache entries - [13255713 - 13272096:9/16393]/[13255713 - 13272096:9/16393]
[16:05:58]   Overlapping cache entries - [13255713 - 13272096:9/16393]/[13255713 - 13272096:9/16393]
[16:05:58] [stderr]     TreeMap::compare::1188,TreeMap::put::531,TreeSet::add::255,CacheFileWithCache::writeCache::737,CacheFileWithCache::writeAndHandoverBuffer::1629,DiskAccessRequestImpl::runRequest::102,DiskAccessControllerInstance$requestDispatcher$1::run::713,AEThread2$threadWrapper::run::287
[16:05:58]     TreeMap::compare::1188,TreeMap::put::531,TreeSet::add::255,CacheFileWithCache::writeCache::737,CacheFileWithCache::writeAndHandoverBuffer::1629,DiskAccessRequestImpl::runRequest::102,DiskAccessControllerInstance$requestDispatcher$1::run::713,AEThread2$threadWrapper::run::287
[16:05:59] [stderr] DEBUG::Fri Apr 10 16:05:59 EAT 2015::com.aelitis.azureus.core.networkmanager.impl.tcp.TCPConnectionManager$3::compare::138:
[16:05:59] DEBUG::Fri Apr 10 16:05:59 EAT 2015::com.aelitis.azureus.core.networkmanager.impl.tcp.TCPConnectionManager$3::compare::138:
[16:05:59] [stderr]   arghhh, borkage
[16:05:59]   arghhh, borkage
[16:05:59] [stderr]     TCPConnectionManager$3::compare::112,TreeMap::compare::1188,TreeMap::put::531,TreeSet::add::255,TCPConnectionManager::requestNewConnection::742,TCPConnectionManager::requestNewConnection::721,TCPTransportImpl::connectOutbound::235,ProtocolEndpointTCP::connectOutbound::100,ConnectionEndpoint::connectOutbound::184,NetworkConnectionImpl::connect::139,PEPeerTransportProtocol::<init>::621,PEPeerTransportFactory::createTransport::62,PEPeerTransportProtocol::reconnect::861,PEPeerControlImpl::peerConnectionClosed::2608,PEPeerTransportProtocol::performClose::834,PEPeerTransportProtocol::closeConnectionInternally::754,PEPeerTransportProtocol$3::exceptionThrown::679,NetworkConnectionImpl::notifyOfException::205,SinglePeerDownloader::doProcessing::101,ReadController::doRead::294,ReadController::doNormalPriorityRead::248,ReadController::readProcessorLoop::229,ReadController::access$200::43,ReadController$2::runSupport::89,AEThread::run::74
[16:05:59]     TCPConnectionManager$3::compare::112,TreeMap::compare::1188,TreeMap::put::531,TreeSet::add::255,TCPConnectionManager::requestNewConnection::742,TCPConnectionManager::requestNewConnection::721,TCPTransportImpl::connectOutbound::235,ProtocolEndpointTCP::connectOutbound::100,ConnectionEndpoint::connectOutbound::184,NetworkConnectionImpl::connect::139,PEPeerTransportProtocol::<init>::621,PEPeerTransportFactory::createTransport::62,PEPeerTransportProtocol::reconnect::861,PEPeerControlImpl::peerConnectionClosed::2608,PEPeerTransportProtocol::performClose::834,PEPeerTransportProtocol::closeConnectionInternally::754,PEPeerTransportProtocol$3::exceptionThrown::679,NetworkConnectionImpl::notifyOfException::205,SinglePeerDownloader::doProcessing::101,ReadController::doRead::294,ReadController::doNormalPriorityRead::248,ReadController::readProcessorLoop::229,ReadController::access$200::43,ReadController$2::runSupport::89,AEThread::run::74
[16:06:07] [stderr] DEBUG::Fri Apr 10 16:06:07 EAT 2015::com.aelitis.azureus.core.diskmanager.cache.impl.CacheFileWithCache$1::compare::76:
[16:06:07] DEBUG::Fri Apr 10 16:06:07 EAT 2015::com.aelitis.azureus.core.diskmanager.cache.impl.CacheFileWithCache$1::compare::76:
[16:06:07] [stderr]   Overlapping cache entries - [100728186 - 100744569:9/16393]/[100728186 - 100744569:9/16393]
[16:06:07]   Overlapping cache entries - [100728186 - 100744569:9/16393]/[100728186 - 100744569:9/16393]
[16:06:07] [stderr]     TreeMap::compare::1188,TreeMap::put::531,TreeSet::add::255,CacheFileWithCache::writeCache::737,CacheFileWithCache::writeAndHandoverBuffer::1629,DiskAccessRequestImpl::runRequest::102,DiskAccessControllerInstance$requestDispatcher$1::run::713,AEThread2$threadWrapper::run::287
[16:06:07]     TreeMap::compare::1188,TreeMap::put::531,TreeSet::add::255,CacheFileWithCache::writeCache::737,CacheFileWithCache::writeAndHandoverBuffer::1629,DiskAccessRequestImpl::runRequest::102,DiskAccessControllerInstance$requestDispatcher$1::run::713,AEThread2$threadWrapper::run::287
[16:06:39] [stderr] DEBUG::Fri Apr 10 16:06:39 EAT 2015::com.aelitis.azureus.core.networkmanager.impl.tcp.TCPConnectionManager$3::compare::138:
[16:06:39] DEBUG::Fri Apr 10 16:06:39 EAT 2015::com.aelitis.azureus.core.networkmanager.impl.tcp.TCPConnectionManager$3::compare::138:
[16:06:39] [stderr]   arghhh, borkage
[16:06:39]   arghhh, borkage
[16:06:39] [stderr]     TCPConnectionManager$3::compare::112,TreeMap::compare::1188,TreeMap::put::531,TreeSet::add::255,TCPConnectionManager::requestNewConnection::742,TCPConnectionManager::requestNewConnection::721,TCPTransportImpl::connectOutbound::235,ProtocolEndpointTCP::connectOutbound::100,ConnectionEndpoint::connectOutbound::184,NetworkConnectionImpl::connect::139,PEPeerTransportProtocol::<init>::621,PEPeerTransportFactory::createTransport::62,PEPeerTransportProtocol::reconnect::861,PEPeerControlImpl::peerConnectionClosed::2608,PEPeerTransportProtocol::performClose::834,PEPeerTransportProtocol::closeConnectionInternally::754,PEPeerTransportProtocol$3::exceptionThrown::679,NetworkConnectionImpl::notifyOfException::205,SinglePeerDownloader::doProcessing::101,ReadController::doRead::294,ReadController::doNormalPriorityRead::248,ReadController::readProcessorLoop::220,ReadController::access$200::43,ReadController$2::runSupport::89,AEThread::run::74
[16:06:39]     TCPConnectionManager$3::compare::112,TreeMap::compare::1188,TreeMap::put::531,TreeSet::add::255,TCPConnectionManager::requestNewConnection::742,TCPConnectionManager::requestNewConnection::721,TCPTransportImpl::connectOutbound::235,ProtocolEndpointTCP::connectOutbound::100,ConnectionEndpoint::connectOutbound::184,NetworkConnectionImpl::connect::139,PEPeerTransportProtocol::<init>::621,PEPeerTransportFactory::createTransport::62,PEPeerTransportProtocol::reconnect::861,PEPeerControlImpl::peerConnectionClosed::2608,PEPeerTransportProtocol::performClose::834,PEPeerTransportProtocol::closeConnectionInternally::754,PEPeerTransportProtocol$3::exceptionThrown::679,NetworkConnectionImpl::notifyOfException::205,SinglePeerDownloader::doProcessing::101,ReadController::doRead::294,ReadController::doNormalPriorityRead::248,ReadController::readProcessorLoop::220,ReadController::access$200::43,ReadController$2::runSupport::89,AEThread::run::74
[16:06:49] [stderr] DEBUG::Fri Apr 10 16:06:49 EAT 2015::com.aelitis.azureus.core.diskmanager.cache.impl.CacheFileWithCache$1::compare::76:
[16:06:49] DEBUG::Fri Apr 10 16:06:49 EAT 2015::com.aelitis.azureus.core.diskmanager.cache.impl.CacheFileWithCache$1::compare::76:
[16:06:49] [stderr]   Overlapping cache entries - [70608173 - 70624556:9/16393]/[70608173 - 70624556:9/16393]
[16:06:49]   Overlapping cache entries - [70608173 - 70624556:9/16393]/[70608173 - 70624556:9/16393]
[16:06:49] [stderr]     TreeMap::compare::1188,TreeMap::put::531,TreeSet::add::255,CacheFileWithCache::writeCache::737,CacheFileWithCache::writeAndHandoverBuffer::1629,DiskAccessRequestImpl::runRequest::102,DiskAccessControllerInstance$requestDispatcher$1::run::713,AEThread2$threadWrapper::run::287
[16:06:49]     TreeMap::compare::1188,TreeMap::put::531,TreeSet::add::255,CacheFileWithCache::writeCache::737,CacheFileWithCache::writeAndHandoverBuffer::1629,DiskAccessRequestImpl::runRequest::102,DiskAccessControllerInstance$requestDispatcher$1::run::713,AEThread2$threadWrapper::run::287
[16:07:57] [stderr] DEBUG::Fri Apr 10 16:07:57 EAT 2015::com.aelitis.azureus.core.networkmanager.impl.tcp.TCPConnectionManager$3::compare::138:
[16:07:57] DEBUG::Fri Apr 10 16:07:57 EAT 2015::com.aelitis.azureus.core.networkmanager.impl.tcp.TCPConnectionManager$3::compare::138:
[16:07:57] [stderr]   arghhh, borkage
[16:07:57]   arghhh, borkage
[16:07:57] [stderr]     TCPConnectionManager$3::compare::112,TreeMap::compare::1188,TreeMap::put::531,TreeSet::add::255,TCPConnectionManager::requestNewConnection::742,TCPConnectionManager::requestNewConnection::721,TCPTransportImpl::connectOutbound::235,ProtocolEndpointTCP::connectOutbound::100,ConnectionEndpoint::connectOutbound::184,NetworkConnectionImpl::connect::139,PEPeerTransportProtocol::<init>::621,PEPeerTransportFactory::createTransport::62,PEPeerTransportProtocol::reconnect::861,PEPeerControlImpl::peerConnectionClosed::2608,PEPeerTransportProtocol::performClose::834,PEPeerTransportProtocol::closeConnectionInternally::754,PEPeerTransportProtocol$3::exceptionThrown::679,NetworkConnectionImpl::notifyOfException::205,SinglePeerDownloader::doProcessing::101,ReadController::doRead::294,ReadController::doNormalPriorityRead::248,ReadController::readProcessorLoop::229,ReadController::access$200::43,ReadController$2::runSupport::89,AEThread::run::74
[16:07:57]     TCPConnectionManager$3::compare::112,TreeMap::compare::1188,TreeMap::put::531,TreeSet::add::255,TCPConnectionManager::requestNewConnection::742,TCPConnectionManager::requestNewConnection::721,TCPTransportImpl::connectOutbound::235,ProtocolEndpointTCP::connectOutbound::100,ConnectionEndpoint::connectOutbound::184,NetworkConnectionImpl::connect::139,PEPeerTransportProtocol::<init>::621,PEPeerTransportFactory::createTransport::62,PEPeerTransportProtocol::reconnect::861,PEPeerControlImpl::peerConnectionClosed::2608,PEPeerTransportProtocol::performClose::834,PEPeerTransportProtocol::closeConnectionInternally::754,PEPeerTransportProtocol$3::exceptionThrown::679,NetworkConnectionImpl::notifyOfException::205,SinglePeerDownloader::doProcessing::101,ReadController::doRead::294,ReadController::doNormalPriorityRead::248,ReadController::readProcessorLoop::229,ReadController::access$200::43,ReadController$2::runSupport::89,AEThread::run::74
[16:08:25] [stderr] DEBUG::Fri Apr 10 16:08:25 EAT 2015::com.aelitis.azureus.core.networkmanager.impl.tcp.TCPConnectionManager$3::compare::138:
[16:08:25] DEBUG::Fri Apr 10 16:08:25 EAT 2015::com.aelitis.azureus.core.networkmanager.impl.tcp.TCPConnectionManager$3::compare::138:
[16:08:25] [stderr]   arghhh, borkage
[16:08:25]   arghhh, borkage
[16:08:25] [stderr]     TCPConnectionManager$3::compare::112,TreeMap::compare::1188,TreeMap::put::531,TreeSet::add::255,TCPConnectionManager::requestNewConnection::742,TCPConnectionManager::requestNewConnection::721,TCPTransportImpl::connectOutbound::235,ProtocolEndpointTCP::connectOutbound::100,ConnectionEndpoint::connectOutbound::184,NetworkConnectionImpl::connect::139,PEPeerTransportProtocol::<init>::621,PEPeerTransportFactory::createTransport::62,PEPeerTransportProtocol::reconnect::861,PEPeerControlImpl::peerConnectionClosed::2608,PEPeerTransportProtocol::performClose::834,PEPeerTransportProtocol::closeConnectionInternally::754,PEPeerTransportProtocol$3::exceptionThrown::679,NetworkConnectionImpl::notifyOfException::205,SinglePeerDownloader::doProcessing::101,ReadController::doRead::294,ReadController::doNormalPriorityRead::248,ReadController::readProcessorLoop::220,ReadController::access$200::43,ReadController$2::runSupport::89,AEThread::run::74
[16:08:25]     TCPConnectionManager$3::compare::112,TreeMap::compare::1188,TreeMap::put::531,TreeSet::add::255,TCPConnectionManager::requestNewConnection::742,TCPConnectionManager::requestNewConnection::721,TCPTransportImpl::connectOutbound::235,ProtocolEndpointTCP::connectOutbound::100,ConnectionEndpoint::connectOutbound::184,NetworkConnectionImpl::connect::139,PEPeerTransportProtocol::<init>::621,PEPeerTransportFactory::createTransport::62,PEPeerTransportProtocol::reconnect::861,PEPeerControlImpl::peerConnectionClosed::2608,PEPeerTransportProtocol::performClose::834,PEPeerTransportProtocol::closeConnectionInternally::754,PEPeerTransportProtocol$3::exceptionThrown::679,NetworkConnectionImpl::notifyOfException::205,SinglePeerDownloader::doProcessing::101,ReadController::doRead::294,ReadController::doNormalPriorityRead::248,ReadController::readProcessorLoop::220,ReadController::access$200::43,ReadController$2::runSupport::89,AEThread::run::74
[16:08:29] [stderr] DEBUG::Fri Apr 10 16:08:29 EAT 2015::com.aelitis.azureus.core.diskmanager.cache.impl.CacheFileWithCache$1::compare::76:
[16:08:29] DEBUG::Fri Apr 10 16:08:29 EAT 2015::com.aelitis.azureus.core.diskmanager.cache.impl.CacheFileWithCache$1::compare::76:
[16:08:29] [stderr]   Overlapping cache entries - [111399733 - 111416116:9/16393]/[111399733 - 111416116:9/16393]
[16:08:29]   Overlapping cache entries - [111399733 - 111416116:9/16393]/[111399733 - 111416116:9/16393]
[16:08:29] [stderr]     TreeMap::compare::1188,TreeMap::put::531,TreeSet::add::255,CacheFileWithCache::writeCache::737,CacheFileWithCache::writeAndHandoverBuffer::1629,DiskAccessRequestImpl::runRequest::102,DiskAccessControllerInstance$requestDispatcher$1::run::713,AEThread2$threadWrapper::run::287
[16:08:29]     TreeMap::compare::1188,TreeMap::put::531,TreeSet::add::255,CacheFileWithCache::writeCache::737,CacheFileWithCache::writeAndHandoverBuffer::1629,DiskAccessRequestImpl::runRequest::102,DiskAccessControllerInstance$requestDispatcher$1::run::713,AEThread2$threadWrapper::run::287
[16:08:29] [stderr] DEBUG::Fri Apr 10 16:08:29 EAT 2015::com.aelitis.azureus.core.diskmanager.cache.impl.CacheFileWithCache$1::compare::76:
[16:08:29] DEBUG::Fri Apr 10 16:08:29 EAT 2015::com.aelitis.azureus.core.diskmanager.cache.impl.CacheFileWithCache$1::compare::76:
[16:08:29] [stderr]   Overlapping cache entries - [45489596 - 45505979:9/16393]/[45489596 - 45505979:9/16393]
[16:08:29]   Overlapping cache entries - [45489596 - 45505979:9/16393]/[45489596 - 45505979:9/16393]
[16:08:29] [stderr]     TreeMap::compare::1188,TreeMap::put::531,TreeSet::add::255,CacheFileWithCache::writeCache::737,CacheFileWithCache::writeAndHandoverBuffer::1629,DiskAccessRequestImpl::runRequest::102,DiskAccessControllerInstance$requestDispatcher$1::run::713,AEThread2$threadWrapper::run::287
[16:08:29]     TreeMap::compare::1188,TreeMap::put::531,TreeSet::add::255,CacheFileWithCache::writeCache::737,CacheFileWithCache::writeAndHandoverBuffer::1629,DiskAccessRequestImpl::runRequest::102,DiskAccessControllerInstance$requestDispatcher$1::run::713,AEThread2$threadWrapper::run::287
[16:08:44] [stderr] DEBUG::Fri Apr 10 16:08:44 EAT 2015::com.aelitis.azureus.core.diskmanager.cache.impl.CacheFileWithCache$1::compare::76:
[16:08:44] DEBUG::Fri Apr 10 16:08:44 EAT 2015::com.aelitis.azureus.core.diskmanager.cache.impl.CacheFileWithCache$1::compare::76:
[16:08:44] [stderr]   Overlapping cache entries - [14762919 - 14779302:9/16393]/[14762919 - 14779302:9/16393]
[16:08:44]   Overlapping cache entries - [14762919 - 14779302:9/16393]/[14762919 - 14779302:9/16393]
[16:08:44] [stderr]     TreeMap::compare::1188,TreeMap::put::531,TreeSet::add::255,CacheFileWithCache::writeCache::737,CacheFileWithCache::writeAndHandoverBuffer::1629,DiskAccessRequestImpl::runRequest::102,DiskAccessControllerInstance$requestDispatcher$1::run::713,AEThread2$threadWrapper::run::287
[16:08:44]     TreeMap::compare::1188,TreeMap::put::531,TreeSet::add::255,CacheFileWithCache::writeCache::737,CacheFileWithCache::writeAndHandoverBuffer::1629,DiskAccessRequestImpl::runRequest::102,DiskAccessControllerInstance$requestDispatcher$1::run::713,AEThread2$threadWrapper::run::287
[16:10:10] [stderr] DEBUG::Fri Apr 10 16:10:10 EAT 2015::com.aelitis.azureus.core.networkmanager.impl.tcp.TCPConnectionManager$3::compare::138:
[16:10:10] DEBUG::Fri Apr 10 16:10:10 EAT 2015::com.aelitis.azureus.core.networkmanager.impl.tcp.TCPConnectionManager$3::compare::138:
[16:10:10] [stderr]   arghhh, borkage
[16:10:10]   arghhh, borkage
[16:10:10] [stderr]     TCPConnectionManager$3::compare::112,TreeMap::compare::1188,TreeMap::put::531,TreeSet::add::255,TCPConnectionManager::requestNewConnection::742,TCPConnectionManager::requestNewConnection::721,TCPTransportImpl::connectOutbound::235,ProtocolEndpointTCP::connectOutbound::100,ConnectionEndpoint::connectOutbound::184,NetworkConnectionImpl::connect::139,PEPeerTransportProtocol::<init>::621,PEPeerTransportFactory::createTransport::62,PEPeerTransportProtocol::reconnect::861,PEPeerControlImpl::peerConnectionClosed::2608,PEPeerTransportProtocol::performClose::834,PEPeerTransportProtocol::closeConnectionInternally::754,PEPeerTransportProtocol::doTimeoutChecks::1933,PEPeerControlImpl::doConnectionChecks::3803,PEPeerControlImpl::schedule::515,PeerControlSchedulerPrioritised$instanceWrapper::schedule::301,PeerControlSchedulerPrioritised::schedule::124,PeerControlSchedulerImpl$1::run::147,AEThread2$threadWrapper::run::287
[16:10:10]     TCPConnectionManager$3::compare::112,TreeMap::compare::1188,TreeMap::put::531,TreeSet::add::255,TCPConnectionManager::requestNewConnection::742,TCPConnectionManager::requestNewConnection::721,TCPTransportImpl::connectOutbound::235,ProtocolEndpointTCP::connectOutbound::100,ConnectionEndpoint::connectOutbound::184,NetworkConnectionImpl::connect::139,PEPeerTransportProtocol::<init>::621,PEPeerTransportFactory::createTransport::62,PEPeerTransportProtocol::reconnect::861,PEPeerControlImpl::peerConnectionClosed::2608,PEPeerTransportProtocol::performClose::834,PEPeerTransportProtocol::closeConnectionInternally::754,PEPeerTransportProtocol::doTimeoutChecks::1933,PEPeerControlImpl::doConnectionChecks::3803,PEPeerControlImpl::schedule::515,PeerControlSchedulerPrioritised$instanceWrapper::schedule::301,PeerControlSchedulerPrioritised::schedule::124,PeerControlSchedulerImpl$1::run::147,AEThread2$threadWrapper::run::287
[16:10:13] [stderr] DEBUG::Fri Apr 10 16:10:13 EAT 2015::com.aelitis.azureus.core.diskmanager.cache.impl.CacheFileWithCache$1::compare::76:
[16:10:13] DEBUG::Fri Apr 10 16:10:13 EAT 2015::com.aelitis.azureus.core.diskmanager.cache.impl.CacheFileWithCache$1::compare::76:
[16:10:13] [stderr]   Overlapping cache entries - [70624557 - 70640940:9/16393]/[70624557 - 70640940:9/16393]
[16:10:13]   Overlapping cache entries - [70624557 - 70640940:9/16393]/[70624557 - 70640940:9/16393]
[16:10:13] [stderr]     TreeMap::compare::1188,TreeMap::put::531,TreeSet::add::255,CacheFileWithCache::writeCache::737,CacheFileWithCache::writeAndHandoverBuffer::1629,DiskAccessRequestImpl::runRequest::102,DiskAccessControllerInstance$requestDispatcher$1::run::713,AEThread2$threadWrapper::run::287
[16:10:13]     TreeMap::compare::1188,TreeMap::put::531,TreeSet::add::255,CacheFileWithCache::writeCache::737,CacheFileWithCache::writeAndHandoverBuffer::1629,DiskAccessRequestImpl::runRequest::102,DiskAccessControllerInstance$requestDispatcher$1::run::713,AEThread2$threadWrapper::run::287
[16:10:17] [stderr] DEBUG::Fri Apr 10 16:10:17 EAT 2015::com.aelitis.azureus.core.diskmanager.cache.impl.CacheFileWithCache$1::compare::76:
[16:10:17] DEBUG::Fri Apr 10 16:10:17 EAT 2015::com.aelitis.azureus.core.diskmanager.cache.impl.CacheFileWithCache$1::compare::76:
[16:10:17] [stderr]   Overlapping cache entries - [48677921 - 48694304:9/16393]/[48677921 - 48694304:9/16393]
[16:10:17]   Overlapping cache entries - [48677921 - 48694304:9/16393]/[48677921 - 48694304:9/16393]
[16:10:17] [stderr]     TreeMap::compare::1188,TreeMap::put::531,TreeSet::add::255,CacheFileWithCache::writeCache::737,CacheFileWithCache::writeAndHandoverBuffer::1629,DiskAccessRequestImpl::runRequest::102,DiskAccessControllerInstance$requestDispatcher$1::run::713,AEThread2$threadWrapper::run::287
[16:10:17]     TreeMap::compare::1188,TreeMap::put::531,TreeSet::add::255,CacheFileWithCache::writeCache::737,CacheFileWithCache::writeAndHandoverBuffer::1629,DiskAccessRequestImpl::runRequest::102,DiskAccessControllerInstance$requestDispatcher$1::run::713,AEThread2$threadWrapper::run::287
[16:11:11] [stderr] DEBUG::Fri Apr 10 16:11:11 EAT 2015::com.aelitis.azureus.core.networkmanager.impl.tcp.TCPConnectionManager$3::compare::138:
[16:11:11] DEBUG::Fri Apr 10 16:11:11 EAT 2015::com.aelitis.azureus.core.networkmanager.impl.tcp.TCPConnectionManager$3::compare::138:
[16:11:11] [stderr]   arghhh, borkage
[16:11:11]   arghhh, borkage
[16:11:11] [stderr]     TCPConnectionManager$3::compare::112,TreeMap::compare::1188,TreeMap::put::531,TreeSet::add::255,TCPConnectionManager::requestNewConnection::742,TCPConnectionManager::requestNewConnection::721,TCPTransportImpl::connectOutbound::235,ProtocolEndpointTCP::connectOutbound::100,ConnectionEndpoint::connectOutbound::184,NetworkConnectionImpl::connect::139,PEPeerTransportProtocol::<init>::621,PEPeerTransportFactory::createTransport::62,PEPeerTransportProtocol::reconnect::861,PEPeerControlImpl::peerConnectionClosed::2608,PEPeerTransportProtocol::performClose::834,PEPeerTransportProtocol::closeConnectionInternally::754,PEPeerTransportProtocol::doTimeoutChecks::1933,PEPeerControlImpl::doConnectionChecks::3803,PEPeerControlImpl::schedule::515,PeerControlSchedulerPrioritised$instanceWrapper::schedule::301,PeerControlSchedulerPrioritised::schedule::124,PeerControlSchedulerImpl$1::run::147,AEThread2$threadWrapper::run::287
[16:11:11]     TCPConnectionManager$3::compare::112,TreeMap::compare::1188,TreeMap::put::531,TreeSet::add::255,TCPConnectionManager::requestNewConnection::742,TCPConnectionManager::requestNewConnection::721,TCPTransportImpl::connectOutbound::235,ProtocolEndpointTCP::connectOutbound::100,ConnectionEndpoint::connectOutbound::184,NetworkConnectionImpl::connect::139,PEPeerTransportProtocol::<init>::621,PEPeerTransportFactory::createTransport::62,PEPeerTransportProtocol::reconnect::861,PEPeerControlImpl::peerConnectionClosed::2608,PEPeerTransportProtocol::performClose::834,PEPeerTransportProtocol::closeConnectionInternally::754,PEPeerTransportProtocol::doTimeoutChecks::1933,PEPeerControlImpl::doConnectionChecks::3803,PEPeerControlImpl::schedule::515,PeerControlSchedulerPrioritised$instanceWrapper::schedule::301,PeerControlSchedulerPrioritised::schedule::124,PeerControlSchedulerImpl$1::run::147,AEThread2$threadWrapper::run::287
[16:11:29] [stderr] DEBUG::Fri Apr 10 16:11:29 EAT 2015::com.aelitis.azureus.core.networkmanager.impl.tcp.TCPConnectionManager$3::compare::138:
[16:11:29] DEBUG::Fri Apr 10 16:11:29 EAT 2015::com.aelitis.azureus.core.networkmanager.impl.tcp.TCPConnectionManager$3::compare::138:
[16:11:29] [stderr]   arghhh, borkage
[16:11:29]   arghhh, borkage
[16:11:29] [stderr]     TCPConnectionManager$3::compare::112,TreeMap::compare::1188,TreeMap::put::531,TreeSet::add::255,TCPConnectionManager::requestNewConnection::742,TCPConnectionManager::requestNewConnection::721,TCPTransportImpl::connectOutbound::235,ProtocolEndpointTCP::connectOutbound::100,ConnectionEndpoint::connectOutbound::184,NetworkConnectionImpl::connect::139,PEPeerTransportProtocol::<init>::621,PEPeerTransportFactory::createTransport::62,PEPeerControlImpl::makeNewOutgoingConnection::983,PEPeerControlImpl::doConnectionChecks::3764,PEPeerControlImpl::schedule::515,PeerControlSchedulerPrioritised$instanceWrapper::schedule::301,PeerControlSchedulerPrioritised::schedule::124,PeerControlSchedulerImpl$1::run::147,AEThread2$threadWrapper::run::287
[16:11:29]     TCPConnectionManager$3::compare::112,TreeMap::compare::1188,TreeMap::put::531,TreeSet::add::255,TCPConnectionManager::requestNewConnection::742,TCPConnectionManager::requestNewConnection::721,TCPTransportImpl::connectOutbound::235,ProtocolEndpointTCP::connectOutbound::100,ConnectionEndpoint::connectOutbound::184,NetworkConnectionImpl::connect::139,PEPeerTransportProtocol::<init>::621,PEPeerTransportFactory::createTransport::62,PEPeerControlImpl::makeNewOutgoingConnection::983,PEPeerControlImpl::doConnectionChecks::3764,PEPeerControlImpl::schedule::515,PeerControlSchedulerPrioritised$instanceWrapper::schedule::301,PeerControlSchedulerPrioritised::schedule::124,PeerControlSchedulerImpl$1::run::147,AEThread2$threadWrapper::run::287
[16:11:30] [stderr] DEBUG::Fri Apr 10 16:11:30 EAT 2015::com.aelitis.azureus.core.networkmanager.impl.tcp.TCPConnectionManager$3::compare::138:
[16:11:30] DEBUG::Fri Apr 10 16:11:30 EAT 2015::com.aelitis.azureus.core.networkmanager.impl.tcp.TCPConnectionManager$3::compare::138:
[16:11:30] [stderr]   arghhh, borkage
[16:11:30]   arghhh, borkage
[16:11:30] [stderr]     TCPConnectionManager$3::compare::112,TreeMap::compare::1188,TreeMap::put::531,TreeSet::add::255,TCPConnectionManager::requestNewConnection::742,TCPConnectionManager::requestNewConnection::721,TCPTransportImpl::connectOutbound::235,ProtocolEndpointTCP::connectOutbound::100,ConnectionEndpoint::connectOutbound::184,NetworkConnectionImpl::connect::139,PEPeerTransportProtocol::<init>::621,PEPeerTransportFactory::createTransport::62,PEPeerControlImpl::makeNewOutgoingConnection::983,PEPeerControlImpl::doConnectionChecks::3764,PEPeerControlImpl::schedule::515,PeerControlSchedulerPrioritised$instanceWrapper::schedule::301,PeerControlSchedulerPrioritised::schedule::124,PeerControlSchedulerImpl$1::run::147,AEThread2$threadWrapper::run::287
[16:11:30]     TCPConnectionManager$3::compare::112,TreeMap::compare::1188,TreeMap::put::531,TreeSet::add::255,TCPConnectionManager::requestNewConnection::742,TCPConnectionManager::requestNewConnection::721,TCPTransportImpl::connectOutbound::235,ProtocolEndpointTCP::connectOutbound::100,ConnectionEndpoint::connectOutbound::184,NetworkConnectionImpl::connect::139,PEPeerTransportProtocol::<init>::621,PEPeerTransportFactory::createTransport::62,PEPeerControlImpl::makeNewOutgoingConnection::983,PEPeerControlImpl::doConnectionChecks::3764,PEPeerControlImpl::schedule::515,PeerControlSchedulerPrioritised$instanceWrapper::schedule::301,PeerControlSchedulerPrioritised::schedule::124,PeerControlSchedulerImpl$1::run::147,AEThread2$threadWrapper::run::287
[16:11:31] [stderr] DEBUG::Fri Apr 10 16:11:31 EAT 2015::com.aelitis.azureus.core.networkmanager.impl.tcp.TCPConnectionManager$3::compare::138:
[16:11:31] DEBUG::Fri Apr 10 16:11:31 EAT 2015::com.aelitis.azureus.core.networkmanager.impl.tcp.TCPConnectionManager$3::compare::138:
[16:11:31] [stderr]   arghhh, borkage
[16:11:31]   arghhh, borkage
[16:11:31] [stderr]     TCPConnectionManager$3::compare::112,TreeMap::compare::1188,TreeMap::put::531,TreeSet::add::255,TCPConnectionManager::requestNewConnection::742,TCPConnectionManager::requestNewConnection::721,TCPTransportImpl::connectOutbound::235,ProtocolEndpointTCP::connectOutbound::100,ConnectionEndpoint::connectOutbound::184,NetworkConnectionImpl::connect::139,PEPeerTransportProtocol::<init>::621,PEPeerTransportFactory::createTransport::62,PEPeerControlImpl::makeNewOutgoingConnection::983,PEPeerControlImpl::doConnectionChecks::3764,PEPeerControlImpl::schedule::515,PeerControlSchedulerPrioritised$instanceWrapper::schedule::301,PeerControlSchedulerPrioritised::schedule::124,PeerControlSchedulerImpl$1::run::147,AEThread2$threadWrapper::run::287
[16:11:31]     TCPConnectionManager$3::compare::112,TreeMap::compare::1188,TreeMap::put::531,TreeSet::add::255,TCPConnectionManager::requestNewConnection::742,TCPConnectionManager::requestNewConnection::721,TCPTransportImpl::connectOutbound::235,ProtocolEndpointTCP::connectOutbound::100,ConnectionEndpoint::connectOutbound::184,NetworkConnectionImpl::connect::139,PEPeerTransportProtocol::<init>::621,PEPeerTransportFactory::createTransport::62,PEPeerControlImpl::makeNewOutgoingConnection::983,PEPeerControlImpl::doConnectionChecks::3764,PEPeerControlImpl::schedule::515,PeerControlSchedulerPrioritised$instanceWrapper::schedule::301,PeerControlSchedulerPrioritised::schedule::124,PeerControlSchedulerImpl$1::run::147,AEThread2$threadWrapper::run::287
[16:11:32] [stderr] DEBUG::Fri Apr 10 16:11:32 EAT 2015::com.aelitis.azureus.core.networkmanager.impl.tcp.TCPConnectionManager$3::compare::138:
[16:11:32] DEBUG::Fri Apr 10 16:11:32 EAT 2015::com.aelitis.azureus.core.networkmanager.impl.tcp.TCPConnectionManager$3::compare::138:
[16:11:32] [stderr]   arghhh, borkage
[16:11:32]   arghhh, borkage
[16:11:32] [stderr]     TCPConnectionManager$3::compare::112,TreeMap::compare::1188,TreeMap::put::531,TreeSet::add::255,TCPConnectionManager::requestNewConnection::742,TCPConnectionManager::requestNewConnection::721,TCPTransportImpl::connectOutbound::235,ProtocolEndpointTCP::connectOutbound::100,ConnectionEndpoint::connectOutbound::184,NetworkConnectionImpl::connect::139,PEPeerTransportProtocol::<init>::621,PEPeerTransportFactory::createTransport::62,PEPeerControlImpl::makeNewOutgoingConnection::983,PEPeerControlImpl::doConnectionChecks::3764,PEPeerControlImpl::schedule::515,PeerControlSchedulerPrioritised$instanceWrapper::schedule::301,PeerControlSchedulerPrioritised::schedule::124,PeerControlSchedulerImpl$1::run::147,AEThread2$threadWrapper::run::287
[16:11:32]     TCPConnectionManager$3::compare::112,TreeMap::compare::1188,TreeMap::put::531,TreeSet::add::255,TCPConnectionManager::requestNewConnection::742,TCPConnectionManager::requestNewConnection::721,TCPTransportImpl::connectOutbound::235,ProtocolEndpointTCP::connectOutbound::100,ConnectionEndpoint::connectOutbound::184,NetworkConnectionImpl::connect::139,PEPeerTransportProtocol::<init>::621,PEPeerTransportFactory::createTransport::62,PEPeerControlImpl::makeNewOutgoingConnection::983,PEPeerControlImpl::doConnectionChecks::3764,PEPeerControlImpl::schedule::515,PeerControlSchedulerPrioritised$instanceWrapper::schedule::301,PeerControlSchedulerPrioritised::schedule::124,PeerControlSchedulerImpl$1::run::147,AEThread2$threadWrapper::run::287
[16:11:41] [stderr] DEBUG::Fri Apr 10 16:11:41 EAT 2015::com.aelitis.azureus.core.networkmanager.impl.tcp.TCPConnectionManager$3::compare::138:
[16:11:41] DEBUG::Fri Apr 10 16:11:41 EAT 2015::com.aelitis.azureus.core.networkmanager.impl.tcp.TCPConnectionManager$3::compare::138:
[16:11:41] [stderr]   arghhh, borkage
[16:11:41]   arghhh, borkage
[16:11:41] [stderr]     TCPConnectionManager$3::compare::112,TreeMap::compare::1188,TreeMap::put::531,TreeSet::add::255,TCPConnectionManager::requestNewConnection::742,TCPConnectionManager::requestNewConnection::721,TCPTransportImpl::connectOutbound::235,ProtocolEndpointTCP::connectOutbound::100,ConnectionEndpoint::connectOutbound::184,NetworkConnectionImpl::connect::139,PEPeerTransportProtocol::<init>::621,PEPeerTransportFactory::createTransport::62,PEPeerControlImpl::makeNewOutgoingConnection::983,PEPeerControlImpl::doConnectionChecks::3764,PEPeerControlImpl::schedule::515,PeerControlSchedulerPrioritised$instanceWrapper::schedule::301,PeerControlSchedulerPrioritised::schedule::124,PeerControlSchedulerImpl$1::run::147,AEThread2$threadWrapper::run::287
[16:11:41]     TCPConnectionManager$3::compare::112,TreeMap::compare::1188,TreeMap::put::531,TreeSet::add::255,TCPConnectionManager::requestNewConnection::742,TCPConnectionManager::requestNewConnection::721,TCPTransportImpl::connectOutbound::235,ProtocolEndpointTCP::connectOutbound::100,ConnectionEndpoint::connectOutbound::184,NetworkConnectionImpl::connect::139,PEPeerTransportProtocol::<init>::621,PEPeerTransportFactory::createTransport::62,PEPeerControlImpl::makeNewOutgoingConnection::983,PEPeerControlImpl::doConnectionChecks::3764,PEPeerControlImpl::schedule::515,PeerControlSchedulerPrioritised$instanceWrapper::schedule::301,PeerControlSchedulerPrioritised::schedule::124,PeerControlSchedulerImpl$1::run::147,AEThread2$threadWrapper::run::287
[16:11:42] [stderr] DEBUG::Fri Apr 10 16:11:42 EAT 2015::com.aelitis.azureus.core.networkmanager.impl.tcp.TCPConnectionManager$3::compare::138:
[16:11:42] DEBUG::Fri Apr 10 16:11:42 EAT 2015::com.aelitis.azureus.core.networkmanager.impl.tcp.TCPConnectionManager$3::compare::138:
[16:11:42] [stderr]   arghhh, borkage
[16:11:42]   arghhh, borkage
[16:11:42] [stderr]     TCPConnectionManager$3::compare::112,TreeMap::compare::1188,TreeMap::put::531,TreeSet::add::255,TCPConnectionManager::requestNewConnection::742,TCPConnectionManager::requestNewConnection::721,TCPTransportImpl::connectOutbound::235,ProtocolEndpointTCP::connectOutbound::100,ConnectionEndpoint::connectOutbound::184,NetworkConnectionImpl::connect::139,PEPeerTransportProtocol::<init>::621,PEPeerTransportFactory::createTransport::62,PEPeerControlImpl::makeNewOutgoingConnection::983,PEPeerControlImpl::doConnectionChecks::3764,PEPeerControlImpl::schedule::515,PeerControlSchedulerPrioritised$instanceWrapper::schedule::301,PeerControlSchedulerPrioritised::schedule::124,PeerControlSchedulerImpl$1::run::147,AEThread2$threadWrapper::run::287
[16:11:42]     TCPConnectionManager$3::compare::112,TreeMap::compare::1188,TreeMap::put::531,TreeSet::add::255,TCPConnectionManager::requestNewConnection::742,TCPConnectionManager::requestNewConnection::721,TCPTransportImpl::connectOutbound::235,ProtocolEndpointTCP::connectOutbound::100,ConnectionEndpoint::connectOutbound::184,NetworkConnectionImpl::connect::139,PEPeerTransportProtocol::<init>::621,PEPeerTransportFactory::createTransport::62,PEPeerControlImpl::makeNewOutgoingConnection::983,PEPeerControlImpl::doConnectionChecks::3764,PEPeerControlImpl::schedule::515,PeerControlSchedulerPrioritised$instanceWrapper::schedule::301,PeerControlSchedulerPrioritised::schedule::124,PeerControlSchedulerImpl$1::run::147,AEThread2$threadWrapper::run::287
[16:11:45] [stderr] DEBUG::Fri Apr 10 16:11:45 EAT 2015::com.aelitis.azureus.core.diskmanager.cache.impl.CacheFileWithCache$1::compare::76:
[16:11:45] DEBUG::Fri Apr 10 16:11:45 EAT 2015::com.aelitis.azureus.core.diskmanager.cache.impl.CacheFileWithCache$1::compare::76:
[16:11:45] [stderr]   Overlapping cache entries - [110383925 - 110400308:9/16393]/[110383925 - 110400308:9/16393]
[16:11:45]   Overlapping cache entries - [110383925 - 110400308:9/16393]/[110383925 - 110400308:9/16393]
[16:11:45] [stderr]     TreeMap::compare::1188,TreeMap::put::531,TreeSet::add::255,CacheFileWithCache::writeCache::737,CacheFileWithCache::writeAndHandoverBuffer::1629,DiskAccessRequestImpl::runRequest::102,DiskAccessControllerInstance$requestDispatcher$1::run::713,AEThread2$threadWrapper::run::287
[16:11:45]     TreeMap::compare::1188,TreeMap::put::531,TreeSet::add::255,CacheFileWithCache::writeCache::737,CacheFileWithCache::writeAndHandoverBuffer::1629,DiskAccessRequestImpl::runRequest::102,DiskAccessControllerInstance$requestDispatcher$1::run::713,AEThread2$threadWrapper::run::287
[16:11:58] [stderr] DEBUG::Fri Apr 10 16:11:58 EAT 2015::com.aelitis.azureus.core.diskmanager.cache.impl.CacheFileWithCache$1::compare::76:
[16:11:58] DEBUG::Fri Apr 10 16:11:58 EAT 2015::com.aelitis.azureus.core.diskmanager.cache.impl.CacheFileWithCache$1::compare::76:
[16:11:58] [stderr]   Overlapping cache entries - [110351157 - 110367540:9/16393]/[110351157 - 110367540:9/16393]
[16:11:58]   Overlapping cache entries - [110351157 - 110367540:9/16393]/[110351157 - 110367540:9/16393]
[16:11:58] [stderr]     TreeMap::compare::1188,TreeMap::put::531,TreeSet::add::255,CacheFileWithCache::writeCache::737,CacheFileWithCache::writeAndHandoverBuffer::1629,DiskAccessRequestImpl::runRequest::102,DiskAccessControllerInstance$requestDispatcher$1::run::713,AEThread2$threadWrapper::run::287
[16:11:58]     TreeMap::compare::1188,TreeMap::put::531,TreeSet::add::255,CacheFileWithCache::writeCache::737,CacheFileWithCache::writeAndHandoverBuffer::1629,DiskAccessRequestImpl::runRequest::102,DiskAccessControllerInstance$requestDispatcher$1::run::713,AEThread2$threadWrapper::run::287
[16:12:00] [stderr] DEBUG::Fri Apr 10 16:12:00 EAT 2015::com.aelitis.azureus.core.networkmanager.impl.tcp.TCPConnectionManager$3::compare::138:
[16:12:00] DEBUG::Fri Apr 10 16:12:00 EAT 2015::com.aelitis.azureus.core.networkmanager.impl.tcp.TCPConnectionManager$3::compare::138:
[16:12:00] [stderr]   arghhh, borkage
[16:12:00]   arghhh, borkage
[16:12:00] [stderr]     TCPConnectionManager$3::compare::112,TreeMap::compare::1188,TreeMap::put::531,TreeSet::add::255,TCPConnectionManager::requestNewConnection::742,TCPConnectionManager::requestNewConnection::721,TCPTransportImpl::connectOutbound::235,ProtocolEndpointTCP::connectOutbound::100,ConnectionEndpoint::connectOutbound::184,NetworkConnectionImpl::connect::139,PEPeerTransportProtocol::<init>::621,PEPeerTransportFactory::createTransport::62,PEPeerControlImpl::makeNewOutgoingConnection::983,PEPeerControlImpl::doConnectionChecks::3764,PEPeerControlImpl::schedule::515,PeerControlSchedulerPrioritised$instanceWrapper::schedule::301,PeerControlSchedulerPrioritised::schedule::124,PeerControlSchedulerImpl$1::run::147,AEThread2$threadWrapper::run::287
[16:12:00]     TCPConnectionManager$3::compare::112,TreeMap::compare::1188,TreeMap::put::531,TreeSet::add::255,TCPConnectionManager::requestNewConnection::742,TCPConnectionManager::requestNewConnection::721,TCPTransportImpl::connectOutbound::235,ProtocolEndpointTCP::connectOutbound::100,ConnectionEndpoint::connectOutbound::184,NetworkConnectionImpl::connect::139,PEPeerTransportProtocol::<init>::621,PEPeerTransportFactory::createTransport::62,PEPeerControlImpl::makeNewOutgoingConnection::983,PEPeerControlImpl::doConnectionChecks::3764,PEPeerControlImpl::schedule::515,PeerControlSchedulerPrioritised$instanceWrapper::schedule::301,PeerControlSchedulerPrioritised::schedule::124,PeerControlSchedulerImpl$1::run::147,AEThread2$threadWrapper::run::287
[16:12:00] [stderr] DEBUG::Fri Apr 10 16:12:00 EAT 2015::com.aelitis.azureus.core.networkmanager.impl.tcp.TCPConnectionManager$3::compare::138:
[16:12:00] DEBUG::Fri Apr 10 16:12:00 EAT 2015::com.aelitis.azureus.core.networkmanager.impl.tcp.TCPConnectionManager$3::compare::138:
[16:12:00] [stderr]   arghhh, borkage
[16:12:00]   arghhh, borkage
[16:12:00] [stderr]     TCPConnectionManager$3::compare::112,TreeMap::compare::1188,TreeMap::put::531,TreeSet::add::255,TCPConnectionManager::requestNewConnection::742,TCPConnectionManager::requestNewConnection::721,TCPTransportImpl::connectOutbound::235,ProtocolEndpointTCP::connectOutbound::100,ConnectionEndpoint::connectOutbound::184,NetworkConnectionImpl::connect::139,PEPeerTransportProtocol::<init>::621,PEPeerTransportFactory::createTransport::62,PEPeerControlImpl::makeNewOutgoingConnection::983,PEPeerControlImpl::doConnectionChecks::3764,PEPeerControlImpl::schedule::515,PeerControlSchedulerPrioritised$instanceWrapper::schedule::301,PeerControlSchedulerPrioritised::schedule::124,PeerControlSchedulerImpl$1::run::147,AEThread2$threadWrapper::run::287
[16:12:00]     TCPConnectionManager$3::compare::112,TreeMap::compare::1188,TreeMap::put::531,TreeSet::add::255,TCPConnectionManager::requestNewConnection::742,TCPConnectionManager::requestNewConnection::721,TCPTransportImpl::connectOutbound::235,ProtocolEndpointTCP::connectOutbound::100,ConnectionEndpoint::connectOutbound::184,NetworkConnectionImpl::connect::139,PEPeerTransportProtocol::<init>::621,PEPeerTransportFactory::createTransport::62,PEPeerControlImpl::makeNewOutgoingConnection::983,PEPeerControlImpl::doConnectionChecks::3764,PEPeerControlImpl::schedule::515,PeerControlSchedulerPrioritised$instanceWrapper::schedule::301,PeerControlSchedulerPrioritised::schedule::124,PeerControlSchedulerImpl$1::run::147,AEThread2$threadWrapper::run::287
[16:12:00] [stderr] DEBUG::Fri Apr 10 16:12:00 EAT 2015::com.aelitis.azureus.core.networkmanager.impl.tcp.TCPConnectionManager$3::compare::138:
[16:12:00] DEBUG::Fri Apr 10 16:12:00 EAT 2015::com.aelitis.azureus.core.networkmanager.impl.tcp.TCPConnectionManager$3::compare::138:
[16:12:00] [stderr]   arghhh, borkage
[16:12:00]   arghhh, borkage
[16:12:00] [stderr]     TCPConnectionManager$3::compare::112,TreeMap::compare::1188,TreeMap::put::531,TreeSet::add::255,TCPConnectionManager::requestNewConnection::742,TCPConnectionManager::requestNewConnection::721,TCPTransportImpl::connectOutbound::235,ProtocolEndpointTCP::connectOutbound::100,ConnectionEndpoint::connectOutbound::184,NetworkConnectionImpl::connect::139,PEPeerTransportProtocol::<init>::621,PEPeerTransportFactory::createTransport::62,PEPeerControlImpl::makeNewOutgoingConnection::983,PEPeerControlImpl::doConnectionChecks::3764,PEPeerControlImpl::schedule::515,PeerControlSchedulerPrioritised$instanceWrapper::schedule::301,PeerControlSchedulerPrioritised::schedule::124,PeerControlSchedulerImpl$1::run::147,AEThread2$threadWrapper::run::287
[16:12:00]     TCPConnectionManager$3::compare::112,TreeMap::compare::1188,TreeMap::put::531,TreeSet::add::255,TCPConnectionManager::requestNewConnection::742,TCPConnectionManager::requestNewConnection::721,TCPTransportImpl::connectOutbound::235,ProtocolEndpointTCP::connectOutbound::100,ConnectionEndpoint::connectOutbound::184,NetworkConnectionImpl::connect::139,PEPeerTransportProtocol::<init>::621,PEPeerTransportFactory::createTransport::62,PEPeerControlImpl::makeNewOutgoingConnection::983,PEPeerControlImpl::doConnectionChecks::3764,PEPeerControlImpl::schedule::515,PeerControlSchedulerPrioritised$instanceWrapper::schedule::301,PeerControlSchedulerPrioritised::schedule::124,PeerControlSchedulerImpl$1::run::147,AEThread2$threadWrapper::run::287
[16:39:03] [stderr] DEBUG::Fri Apr 10 16:39:03 EAT 2015::com.aelitis.azureus.core.networkmanager.impl.tcp.TCPConnectionManager$3::compare::138:
[16:39:03] DEBUG::Fri Apr 10 16:39:03 EAT 2015::com.aelitis.azureus.core.networkmanager.impl.tcp.TCPConnectionManager$3::compare::138:
[16:39:03] [stderr]   arghhh, borkage
[16:39:03]   arghhh, borkage
[16:39:03] [stderr]     TCPConnectionManager$3::compare::112,TreeMap::compare::1188,TreeMap::put::531,TreeSet::add::255,TCPConnectionManager::requestNewConnection::742,TCPConnectionManager::requestNewConnection::721,TCPTransportImpl::connectOutbound::235,ProtocolEndpointTCP::connectOutbound::100,ConnectionEndpoint::connectOutbound::184,NetworkConnectionImpl::connect::139,PEPeerTransportProtocol::<init>::621,PEPeerTransportFactory::createTransport::62,PEPeerControlImpl::makeNewOutgoingConnection::983,PEPeerControlImpl::doConnectionChecks::3764,PEPeerControlImpl::schedule::515,PeerControlSchedulerPrioritised$instanceWrapper::schedule::301,PeerControlSchedulerPrioritised::schedule::124,PeerControlSchedulerImpl$1::run::147,AEThread2$threadWrapper::run::287
[16:39:03]     TCPConnectionManager$3::compare::112,TreeMap::compare::1188,TreeMap::put::531,TreeSet::add::255,TCPConnectionManager::requestNewConnection::742,TCPConnectionManager::requestNewConnection::721,TCPTransportImpl::connectOutbound::235,ProtocolEndpointTCP::connectOutbound::100,ConnectionEndpoint::connectOutbound::184,NetworkConnectionImpl::connect::139,PEPeerTransportProtocol::<init>::621,PEPeerTransportFactory::createTransport::62,PEPeerControlImpl::makeNewOutgoingConnection::983,PEPeerControlImpl::doConnectionChecks::3764,PEPeerControlImpl::schedule::515,PeerControlSchedulerPrioritised$instanceWrapper::schedule::301,PeerControlSchedulerPrioritised::schedule::124,PeerControlSchedulerImpl$1::run::147,AEThread2$threadWrapper::run::287
[16:39:04] [stderr] DEBUG::Fri Apr 10 16:39:04 EAT 2015::com.aelitis.azureus.core.networkmanager.impl.tcp.TCPConnectionManager$3::compare::138:
[16:39:04] DEBUG::Fri Apr 10 16:39:04 EAT 2015::com.aelitis.azureus.core.networkmanager.impl.tcp.TCPConnectionManager$3::compare::138:
[16:39:04] [stderr]   arghhh, borkage
[16:39:04]   arghhh, borkage
[16:39:04] [stderr]     TCPConnectionManager$3::compare::112,TreeMap::compare::1188,TreeMap::put::531,TreeSet::add::255,TCPConnectionManager::requestNewConnection::742,TCPConnectionManager::requestNewConnection::721,TCPTransportImpl::connectOutbound::235,ProtocolEndpointTCP::connectOutbound::100,ConnectionEndpoint::connectOutbound::184,NetworkConnectionImpl::connect::139,PEPeerTransportProtocol::<init>::621,PEPeerTransportFactory::createTransport::62,PEPeerControlImpl::makeNewOutgoingConnection::983,PEPeerControlImpl::doConnectionChecks::3764,PEPeerControlImpl::schedule::515,PeerControlSchedulerPrioritised$instanceWrapper::schedule::301,PeerControlSchedulerPrioritised::schedule::124,PeerControlSchedulerImpl$1::run::147,AEThread2$threadWrapper::run::287
[16:39:04]     TCPConnectionManager$3::compare::112,TreeMap::compare::1188,TreeMap::put::531,TreeSet::add::255,TCPConnectionManager::requestNewConnection::742,TCPConnectionManager::requestNewConnection::721,TCPTransportImpl::connectOutbound::235,ProtocolEndpointTCP::connectOutbound::100,ConnectionEndpoint::connectOutbound::184,NetworkConnectionImpl::connect::139,PEPeerTransportProtocol::<init>::621,PEPeerTransportFactory::createTransport::62,PEPeerControlImpl::makeNewOutgoingConnection::983,PEPeerControlImpl::doConnectionChecks::3764,PEPeerControlImpl::schedule::515,PeerControlSchedulerPrioritised$instanceWrapper::schedule::301,PeerControlSchedulerPrioritised::schedule::124,PeerControlSchedulerImpl$1::run::147,AEThread2$threadWrapper::run::287
[16:39:05] [stderr] DEBUG::Fri Apr 10 16:39:05 EAT 2015::com.aelitis.azureus.core.networkmanager.impl.tcp.TCPConnectionManager$3::compare::138:
[16:39:05] DEBUG::Fri Apr 10 16:39:05 EAT 2015::com.aelitis.azureus.core.networkmanager.impl.tcp.TCPConnectionManager$3::compare::138:
[16:39:05] [stderr]   arghhh, borkage
[16:39:05]   arghhh, borkage
[16:39:05] [stderr]     TCPConnectionManager$3::compare::112,TreeMap::compare::1188,TreeMap::put::531,TreeSet::add::255,TCPConnectionManager::requestNewConnection::742,TCPConnectionManager::requestNewConnection::721,TCPTransportImpl::connectOutbound::235,ProtocolEndpointTCP::connectOutbound::100,ConnectionEndpoint::connectOutbound::184,NetworkConnectionImpl::connect::139,PEPeerTransportProtocol::<init>::621,PEPeerTransportFactory::createTransport::62,PEPeerControlImpl::makeNewOutgoingConnection::983,PEPeerControlImpl::doConnectionChecks::3764,PEPeerControlImpl::schedule::515,PeerControlSchedulerPrioritised$instanceWrapper::schedule::301,PeerControlSchedulerPrioritised::schedule::124,PeerControlSchedulerImpl$1::run::147,AEThread2$threadWrapper::run::287
[16:39:05]     TCPConnectionManager$3::compare::112,TreeMap::compare::1188,TreeMap::put::531,TreeSet::add::255,TCPConnectionManager::requestNewConnection::742,TCPConnectionManager::requestNewConnection::721,TCPTransportImpl::connectOutbound::235,ProtocolEndpointTCP::connectOutbound::100,ConnectionEndpoint::connectOutbound::184,NetworkConnectionImpl::connect::139,PEPeerTransportProtocol::<init>::621,PEPeerTransportFactory::createTransport::62,PEPeerControlImpl::makeNewOutgoingConnection::983,PEPeerControlImpl::doConnectionChecks::3764,PEPeerControlImpl::schedule::515,PeerControlSchedulerPrioritised$instanceWrapper::schedule::301,PeerControlSchedulerPrioritised::schedule::124,PeerControlSchedulerImpl$1::run::147,AEThread2$threadWrapper::run::287
[16:39:06] [stderr] DEBUG::Fri Apr 10 16:39:06 EAT 2015::com.aelitis.azureus.core.networkmanager.impl.tcp.TCPConnectionManager$3::compare::138:
[16:39:06] DEBUG::Fri Apr 10 16:39:06 EAT 2015::com.aelitis.azureus.core.networkmanager.impl.tcp.TCPConnectionManager$3::compare::138:
[16:39:06] [stderr]   arghhh, borkage
[16:39:06]   arghhh, borkage
[16:39:06] [stderr]     TCPConnectionManager$3::compare::112,TreeMap::compare::1188,TreeMap::put::531,TreeSet::add::255,TCPConnectionManager::requestNewConnection::742,TCPConnectionManager::requestNewConnection::721,TCPTransportImpl::connectOutbound::235,ProtocolEndpointTCP::connectOutbound::100,ConnectionEndpoint::connectOutbound::184,NetworkConnectionImpl::connect::139,PEPeerTransportProtocol::<init>::621,PEPeerTransportFactory::createTransport::62,PEPeerControlImpl::makeNewOutgoingConnection::983,PEPeerControlImpl::doConnectionChecks::3764,PEPeerControlImpl::schedule::515,PeerControlSchedulerPrioritised$instanceWrapper::schedule::301,PeerControlSchedulerPrioritised::schedule::124,PeerControlSchedulerImpl$1::run::147,AEThread2$threadWrapper::run::287
[16:39:06]     TCPConnectionManager$3::compare::112,TreeMap::compare::1188,TreeMap::put::531,TreeSet::add::255,TCPConnectionManager::requestNewConnection::742,TCPConnectionManager::requestNewConnection::721,TCPTransportImpl::connectOutbound::235,ProtocolEndpointTCP::connectOutbound::100,ConnectionEndpoint::connectOutbound::184,NetworkConnectionImpl::connect::139,PEPeerTransportProtocol::<init>::621,PEPeerTransportFactory::createTransport::62,PEPeerControlImpl::makeNewOutgoingConnection::983,PEPeerControlImpl::doConnectionChecks::3764,PEPeerControlImpl::schedule::515,PeerControlSchedulerPrioritised$instanceWrapper::schedule::301,PeerControlSchedulerPrioritised::schedule::124,PeerControlSchedulerImpl$1::run::147,AEThread2$threadWrapper::run::287
[16:39:07] [stderr] DEBUG::Fri Apr 10 16:39:07 EAT 2015::com.aelitis.azureus.core.networkmanager.impl.tcp.TCPConnectionManager$3::compare::138:
[16:39:07] DEBUG::Fri Apr 10 16:39:07 EAT 2015::com.aelitis.azureus.core.networkmanager.impl.tcp.TCPConnectionManager$3::compare::138:
[16:39:07] [stderr]   arghhh, borkage
[16:39:07]   arghhh, borkage
[16:39:07] [stderr]     TCPConnectionManager$3::compare::112,TreeMap::compare::1188,TreeMap::put::531,TreeSet::add::255,TCPConnectionManager::requestNewConnection::742,TCPConnectionManager::requestNewConnection::721,TCPTransportImpl::connectOutbound::235,ProtocolEndpointTCP::connectOutbound::100,ConnectionEndpoint::connectOutbound::184,NetworkConnectionImpl::connect::139,PEPeerTransportProtocol::<init>::621,PEPeerTransportFactory::createTransport::62,PEPeerControlImpl::makeNewOutgoingConnection::983,PEPeerControlImpl::doConnectionChecks::3764,PEPeerControlImpl::schedule::515,PeerControlSchedulerPrioritised$instanceWrapper::schedule::301,PeerControlSchedulerPrioritised::schedule::124,PeerControlSchedulerImpl$1::run::147,AEThread2$threadWrapper::run::287
[16:39:07]     TCPConnectionManager$3::compare::112,TreeMap::compare::1188,TreeMap::put::531,TreeSet::add::255,TCPConnectionManager::requestNewConnection::742,TCPConnectionManager::requestNewConnection::721,TCPTransportImpl::connectOutbound::235,ProtocolEndpointTCP::connectOutbound::100,ConnectionEndpoint::connectOutbound::184,NetworkConnectionImpl::connect::139,PEPeerTransportProtocol::<init>::621,PEPeerTransportFactory::createTransport::62,PEPeerControlImpl::makeNewOutgoingConnection::983,PEPeerControlImpl::doConnectionChecks::3764,PEPeerControlImpl::schedule::515,PeerControlSchedulerPrioritised$instanceWrapper::schedule::301,PeerControlSchedulerPrioritised::schedule::124,PeerControlSchedulerImpl$1::run::147,AEThread2$threadWrapper::run::287
[16:39:08] [stderr] DEBUG::Fri Apr 10 16:39:08 EAT 2015::com.aelitis.azureus.core.networkmanager.impl.tcp.TCPConnectionManager$3::compare::138:
[16:39:08] DEBUG::Fri Apr 10 16:39:08 EAT 2015::com.aelitis.azureus.core.networkmanager.impl.tcp.TCPConnectionManager$3::compare::138:
[16:39:08] [stderr]   arghhh, borkage
[16:39:08]   arghhh, borkage
[16:39:08] [stderr]     TCPConnectionManager$3::compare::112,TreeMap::compare::1188,TreeMap::put::531,TreeSet::add::255,TCPConnectionManager::requestNewConnection::742,TCPConnectionManager::requestNewConnection::721,TCPTransportImpl::connectOutbound::235,ProtocolEndpointTCP::connectOutbound::100,ConnectionEndpoint::connectOutbound::184,NetworkConnectionImpl::connect::139,PEPeerTransportProtocol::<init>::621,PEPeerTransportFactory::createTransport::62,PEPeerControlImpl::makeNewOutgoingConnection::983,PEPeerControlImpl::doConnectionChecks::3764,PEPeerControlImpl::schedule::515,PeerControlSchedulerPrioritised$instanceWrapper::schedule::301,PeerControlSchedulerPrioritised::schedule::124,PeerControlSchedulerImpl$1::run::147,AEThread2$threadWrapper::run::287
[16:39:08]     TCPConnectionManager$3::compare::112,TreeMap::compare::1188,TreeMap::put::531,TreeSet::add::255,TCPConnectionManager::requestNewConnection::742,TCPConnectionManager::requestNewConnection::721,TCPTransportImpl::connectOutbound::235,ProtocolEndpointTCP::connectOutbound::100,ConnectionEndpoint::connectOutbound::184,NetworkConnectionImpl::connect::139,PEPeerTransportProtocol::<init>::621,PEPeerTransportFactory::createTransport::62,PEPeerControlImpl::makeNewOutgoingConnection::983,PEPeerControlImpl::doConnectionChecks::3764,PEPeerControlImpl::schedule::515,PeerControlSchedulerPrioritised$instanceWrapper::schedule::301,PeerControlSchedulerPrioritised::schedule::124,PeerControlSchedulerImpl$1::run::147,AEThread2$threadWrapper::run::287
[16:39:10] [stderr] DEBUG::Fri Apr 10 16:39:10 EAT 2015::com.aelitis.azureus.core.networkmanager.impl.tcp.TCPConnectionManager$3::compare::138:
[16:39:10] DEBUG::Fri Apr 10 16:39:10 EAT 2015::com.aelitis.azureus.core.networkmanager.impl.tcp.TCPConnectionManager$3::compare::138:
[16:39:10] [stderr]   arghhh, borkage
[16:39:10]   arghhh, borkage
[16:39:10] [stderr]     TCPConnectionManager$3::compare::112,TreeMap::compare::1188,TreeMap::put::531,TreeSet::add::255,TCPConnectionManager::requestNewConnection::742,TCPConnectionManager::requestNewConnection::721,TCPTransportImpl::connectOutbound::235,ProtocolEndpointTCP::connectOutbound::100,ConnectionEndpoint::connectOutbound::184,NetworkConnectionImpl::connect::139,PEPeerTransportProtocol::<init>::621,PEPeerTransportFactory::createTransport::62,PEPeerControlImpl::makeNewOutgoingConnection::983,PEPeerControlImpl::doConnectionChecks::3764,PEPeerControlImpl::schedule::515,PeerControlSchedulerPrioritised$instanceWrapper::schedule::301,PeerControlSchedulerPrioritised::schedule::124,PeerControlSchedulerImpl$1::run::147,AEThread2$threadWrapper::run::287
[16:39:10]     TCPConnectionManager$3::compare::112,TreeMap::compare::1188,TreeMap::put::531,TreeSet::add::255,TCPConnectionManager::requestNewConnection::742,TCPConnectionManager::requestNewConnection::721,TCPTransportImpl::connectOutbound::235,ProtocolEndpointTCP::connectOutbound::100,ConnectionEndpoint::connectOutbound::184,NetworkConnectionImpl::connect::139,PEPeerTransportProtocol::<init>::621,PEPeerTransportFactory::createTransport::62,PEPeerControlImpl::makeNewOutgoingConnection::983,PEPeerControlImpl::doConnectionChecks::3764,PEPeerControlImpl::schedule::515,PeerControlSchedulerPrioritised$instanceWrapper::schedule::301,PeerControlSchedulerPrioritised::schedule::124,PeerControlSchedulerImpl$1::run::147,AEThread2$threadWrapper::run::287
[16:39:34] [stderr] DEBUG::Fri Apr 10 16:39:34 EAT 2015::com.aelitis.azureus.core.networkmanager.impl.tcp.TCPConnectionManager$3::compare::138:
[16:39:34] DEBUG::Fri Apr 10 16:39:34 EAT 2015::com.aelitis.azureus.core.networkmanager.impl.tcp.TCPConnectionManager$3::compare::138:
[16:39:34] [stderr]   arghhh, borkage
[16:39:34]   arghhh, borkage
[16:39:34] [stderr]     TCPConnectionManager$3::compare::112,TreeMap::compare::1188,TreeMap::put::531,TreeSet::add::255,TCPConnectionManager::requestNewConnection::742,TCPConnectionManager::requestNewConnection::721,TCPTransportImpl::connectOutbound::235,ProtocolEndpointTCP::connectOutbound::100,ConnectionEndpoint::connectOutbound::184,NetworkConnectionImpl::connect::139,PEPeerTransportProtocol::<init>::621,PEPeerTransportFactory::createTransport::62,PEPeerControlImpl::makeNewOutgoingConnection::983,PEPeerControlImpl::doConnectionChecks::3764,PEPeerControlImpl::schedule::515,PeerControlSchedulerPrioritised$instanceWrapper::schedule::301,PeerControlSchedulerPrioritised::schedule::124,PeerControlSchedulerImpl$1::run::147,AEThread2$threadWrapper::run::287
[16:39:34]     TCPConnectionManager$3::compare::112,TreeMap::compare::1188,TreeMap::put::531,TreeSet::add::255,TCPConnectionManager::requestNewConnection::742,TCPConnectionManager::requestNewConnection::721,TCPTransportImpl::connectOutbound::235,ProtocolEndpointTCP::connectOutbound::100,ConnectionEndpoint::connectOutbound::184,NetworkConnectionImpl::connect::139,PEPeerTransportProtocol::<init>::621,PEPeerTransportFactory::createTransport::62,PEPeerControlImpl::makeNewOutgoingConnection::983,PEPeerControlImpl::doConnectionChecks::3764,PEPeerControlImpl::schedule::515,PeerControlSchedulerPrioritised$instanceWrapper::schedule::301,PeerControlSchedulerPrioritised::schedule::124,PeerControlSchedulerImpl$1::run::147,AEThread2$threadWrapper::run::287
[16:50:04] [stderr] DEBUG::Fri Apr 10 16:50:04 EAT 2015::com.aelitis.azureus.core.networkmanager.impl.tcp.TCPConnectionManager$3::compare::138:
[16:50:04] DEBUG::Fri Apr 10 16:50:04 EAT 2015::com.aelitis.azureus.core.networkmanager.impl.tcp.TCPConnectionManager$3::compare::138:
[16:50:04] [stderr]   arghhh, borkage
[16:50:04]   arghhh, borkage
[16:50:04] [stderr]     TCPConnectionManager$3::compare::112,TreeMap::compare::1188,TreeMap::put::531,TreeSet::add::255,TCPConnectionManager::requestNewConnection::742,TCPConnectionManager::requestNewConnection::721,TCPTransportImpl::connectOutbound::235,ProtocolEndpointTCP::connectOutbound::100,ConnectionEndpoint::connectOutbound::184,NetworkConnectionImpl::connect::139,PEPeerTransportProtocol::<init>::621,PEPeerTransportFactory::createTransport::62,PEPeerTransportProtocol::reconnect::861,PEPeerControlImpl::peerConnectionClosed::2608,PEPeerTransportProtocol::performClose::834,PEPeerTransportProtocol::closeConnectionInternally::754,PEPeerTransportProtocol$3::exceptionThrown::679,NetworkConnectionImpl::notifyOfException::205,SinglePeerDownloader::doProcessing::101,ReadController::doRead::294,ReadController::doNormalPriorityRead::248,ReadController::readProcessorLoop::229,ReadController::access$200::43,ReadController$2::runSupport::89,AEThread::run::74
[16:50:04]     TCPConnectionManager$3::compare::112,TreeMap::compare::1188,TreeMap::put::531,TreeSet::add::255,TCPConnectionManager::requestNewConnection::742,TCPConnectionManager::requestNewConnection::721,TCPTransportImpl::connectOutbound::235,ProtocolEndpointTCP::connectOutbound::100,ConnectionEndpoint::connectOutbound::184,NetworkConnectionImpl::connect::139,PEPeerTransportProtocol::<init>::621,PEPeerTransportFactory::createTransport::62,PEPeerTransportProtocol::reconnect::861,PEPeerControlImpl::peerConnectionClosed::2608,PEPeerTransportProtocol::performClose::834,PEPeerTransportProtocol::closeConnectionInternally::754,PEPeerTransportProtocol$3::exceptionThrown::679,NetworkConnectionImpl::notifyOfException::205,SinglePeerDownloader::doProcessing::101,ReadController::doRead::294,ReadController::doNormalPriorityRead::248,ReadController::readProcessorLoop::229,ReadController::access$200::43,ReadController$2::runSupport::89,AEThread::run::74
